[debug] [2021-12-09T03:00:03.617Z] ----------------------------------------------------------------------
[debug] [2021-12-09T03:00:03.618Z] Command:       /Users/jeremytenjo/.nvm/versions/node/v15.14.0/bin/node /Users/jeremytenjo/.nvm/versions/node/v15.14.0/bin/firebase emulators:start --only functions
[debug] [2021-12-09T03:00:03.618Z] CLI Version:   9.23.1
[debug] [2021-12-09T03:00:03.618Z] Platform:      darwin
[debug] [2021-12-09T03:00:03.618Z] Node Version:  v15.14.0
[debug] [2021-12-09T03:00:03.619Z] Time:          Wed Dec 08 2021 22:00:03 GMT-0500 (Eastern Standard Time)
[debug] [2021-12-09T03:00:03.619Z] ----------------------------------------------------------------------
[debug] 
[debug] [2021-12-09T03:00:03.643Z] > command requires scopes: ["email","openid","https://www.googleapis.com/auth/cloudplatformprojects.readonly","https://www.googleapis.com/auth/firebase","https://www.googleapis.com/auth/cloud-platform"]
[debug] [2021-12-09T03:00:03.643Z] > authorizing via signed-in user (tenjojeremy@gmail.com)
[info] i  emulators: Starting emulators: functions {"metadata":{"emulator":{"name":"hub"},"message":"Starting emulators: functions"}}
[debug] [2021-12-09T03:00:03.651Z] [hub] writing locator at /var/folders/zb/jpt0s1hj46vg9hv9j1fy61fm0000gn/T/hub-useweb-lib.json
[warn] ⚠  functions: The following emulators are not running, calls to these services from the Functions emulator will affect production: auth, firestore, database, hosting, pubsub, storage {"metadata":{"emulator":{"name":"functions"},"message":"The following emulators are not running, calls to these services from the Functions emulator will affect production: \u001b[1mauth, firestore, database, hosting, pubsub, storage\u001b[22m"}}
[info] i  emulators: Shutting down emulators. {"metadata":{"emulator":{"name":"hub"},"message":"Shutting down emulators."}}
[info] i  functions: Stopping Functions Emulator {"metadata":{"emulator":{"name":"functions"},"message":"Stopping Functions Emulator"}}
[info] i  hub: Stopping emulator hub {"metadata":{"emulator":{"name":"hub"},"message":"Stopping emulator hub"}}
[debug] [2021-12-09T03:00:03.665Z] Error: Cannot find module '/Users/jeremytenjo/Dev/useweb/firebase/functions/package.json'
Require stack:
- /Users/jeremytenjo/.nvm/versions/node/v15.14.0/lib/node_modules/firebase-tools/lib/emulator/functionsEmulator.js
- /Users/jeremytenjo/.nvm/versions/node/v15.14.0/lib/node_modules/firebase-tools/lib/emulator/controller.js
- /Users/jeremytenjo/.nvm/versions/node/v15.14.0/lib/node_modules/firebase-tools/lib/emulator/commandUtils.js
- /Users/jeremytenjo/.nvm/versions/node/v15.14.0/lib/node_modules/firebase-tools/lib/commands/database-get.js
- /Users/jeremytenjo/.nvm/versions/node/v15.14.0/lib/node_modules/firebase-tools/lib/commands/index.js
- /Users/jeremytenjo/.nvm/versions/node/v15.14.0/lib/node_modules/firebase-tools/lib/index.js
- /Users/jeremytenjo/.nvm/versions/node/v15.14.0/lib/node_modules/firebase-tools/lib/bin/firebase.js
    at Function.Module._resolveFilename (node:internal/modules/cjs/loader:924:15)
    at Function.Module._load (node:internal/modules/cjs/loader:769:27)
    at Module.require (node:internal/modules/cjs/loader:996:19)
    at require (node:internal/modules/cjs/helpers:92:18)
    at FunctionsEmulator.askInstallNodeVersion (/Users/jeremytenjo/.nvm/versions/node/v15.14.0/lib/node_modules/firebase-tools/lib/emulator/functionsEmulator.js:466:21)
    at FunctionsEmulator.start (/Users/jeremytenjo/.nvm/versions/node/v15.14.0/lib/node_modules/firebase-tools/lib/emulator/functionsEmulator.js:178:32)
    at Function.start (/Users/jeremytenjo/.nvm/versions/node/v15.14.0/lib/node_modules/firebase-tools/lib/emulator/registry.js:16:24)
    at startEmulator (/Users/jeremytenjo/.nvm/versions/node/v15.14.0/lib/node_modules/firebase-tools/lib/emulator/controller.js:90:39)
    at Object.startAll (/Users/jeremytenjo/.nvm/versions/node/v15.14.0/lib/node_modules/firebase-tools/lib/emulator/controller.js:273:15)
    at processTicksAndRejections (node:internal/process/task_queues:94:5)
    at async Command.actionFn (/Users/jeremytenjo/.nvm/versions/node/v15.14.0/lib/node_modules/firebase-tools/lib/commands/emulators-start.js:26:9)
[error] 
[error] Error: An unexpected error has occurred.
