[debug] [2021-12-08T23:14:17.025Z] ----------------------------------------------------------------------
[debug] [2021-12-08T23:14:17.026Z] Command:       /Users/jeremytenjo/.nvm/versions/node/v15.14.0/bin/node /Users/jeremytenjo/.nvm/versions/node/v15.14.0/bin/firebase emulators:start --only functions
[debug] [2021-12-08T23:14:17.026Z] CLI Version:   9.23.1
[debug] [2021-12-08T23:14:17.026Z] Platform:      darwin
[debug] [2021-12-08T23:14:17.026Z] Node Version:  v15.14.0
[debug] [2021-12-08T23:14:17.027Z] Time:          Wed Dec 08 2021 18:14:17 GMT-0500 (Eastern Standard Time)
[debug] [2021-12-08T23:14:17.027Z] ----------------------------------------------------------------------
[debug] 
[debug] [2021-12-08T23:14:17.052Z] > command requires scopes: ["email","openid","https://www.googleapis.com/auth/cloudplatformprojects.readonly","https://www.googleapis.com/auth/firebase","https://www.googleapis.com/auth/cloud-platform"]
[debug] [2021-12-08T23:14:17.052Z] > authorizing via signed-in user (tenjojeremy@gmail.com)
[info] i  emulators: Starting emulators: functions {"metadata":{"emulator":{"name":"hub"},"message":"Starting emulators: functions"}}
[debug] [2021-12-08T23:14:17.058Z] [hub] writing locator at /var/folders/zb/jpt0s1hj46vg9hv9j1fy61fm0000gn/T/hub-useweb-lib.json
[warn] ⚠  functions: The following emulators are not running, calls to these services from the Functions emulator will affect production: auth, firestore, database, hosting, pubsub, storage {"metadata":{"emulator":{"name":"functions"},"message":"The following emulators are not running, calls to these services from the Functions emulator will affect production: \u001b[1mauth, firestore, database, hosting, pubsub, storage\u001b[22m"}}
[warn] ⚠  Your requested "node" version "14" doesn't match your global version "15" {"metadata":{"emulator":{"name":"functions"},"message":"Your requested \"node\" version \"14\" doesn't match your global version \"15\""}}
[debug] [2021-12-08T23:14:17.078Z] defaultcredentials: writing to file /Users/jeremytenjo/.config/firebase/tenjojeremy_gmail_com_application_default_credentials.json
[debug] [2021-12-08T23:14:17.078Z] Setting GAC to /Users/jeremytenjo/.config/firebase/tenjojeremy_gmail_com_application_default_credentials.json {"metadata":{"emulator":{"name":"functions"},"message":"Setting GAC to /Users/jeremytenjo/.config/firebase/tenjojeremy_gmail_com_application_default_credentials.json"}}
[debug] [2021-12-08T23:14:17.080Z] >>> [apiv2][query] GET https://firebase.googleapis.com/v1beta1/projects/useweb-lib/adminSdkConfig [none]
[debug] [2021-12-08T23:14:17.558Z] <<< [apiv2][status] GET https://firebase.googleapis.com/v1beta1/projects/useweb-lib/adminSdkConfig 200
[debug] [2021-12-08T23:14:17.558Z] <<< [apiv2][body] GET https://firebase.googleapis.com/v1beta1/projects/useweb-lib/adminSdkConfig {"projectId":"useweb-lib","storageBucket":"useweb-lib.appspot.com","locationId":"us-central"}
[debug] [2021-12-08T23:14:17.605Z] Ignoring unsupported arg: auto_download {"metadata":{"emulator":{"name":"ui"},"message":"Ignoring unsupported arg: auto_download"}}
[debug] [2021-12-08T23:14:17.605Z] Ignoring unsupported arg: port {"metadata":{"emulator":{"name":"ui"},"message":"Ignoring unsupported arg: port"}}
[debug] [2021-12-08T23:14:17.605Z] Starting Emulator UI with command {"binary":"node","args":["/Users/jeremytenjo/.cache/firebase/emulators/ui-v1.6.4/server.bundle.js"],"optionalArgs":[],"joinArgs":false} {"metadata":{"emulator":{"name":"ui"},"message":"Starting Emulator UI with command {\"binary\":\"node\",\"args\":[\"/Users/jeremytenjo/.cache/firebase/emulators/ui-v1.6.4/server.bundle.js\"],\"optionalArgs\":[],\"joinArgs\":false}"}}
[info] i  ui: Emulator UI logging to ui-debug.log {"metadata":{"emulator":{"name":"ui"},"message":"Emulator UI logging to \u001b[1mui-debug.log\u001b[22m"}}
[debug] [2021-12-08T23:14:17.682Z] Web / API server started at localhost:4000
 {"metadata":{"emulator":{"name":"ui"},"message":"Web / API server started at localhost:4000\n"}}
[info] i  functions: Watching "/Users/jeremytenjo/Dev/useweb/firebase/functions" for Cloud Functions... {"metadata":{"emulator":{"name":"functions"},"message":"Watching \"/Users/jeremytenjo/Dev/useweb/firebase/functions\" for Cloud Functions..."}}
[debug] [2021-12-08T23:14:17.882Z] [worker-pool] addWorker(~diagnostic~) {"metadata":{"emulator":{"name":"functions"},"message":"[worker-pool] addWorker(~diagnostic~)"}}
[debug] [2021-12-08T23:14:17.882Z] [worker-pool] Adding worker with key ~diagnostic~, total=1 {"metadata":{"emulator":{"name":"functions"},"message":"[worker-pool] Adding worker with key ~diagnostic~, total=1"}}
[debug] [2021-12-08T23:14:17.882Z] [worker-pool] submitWork(triggerId=) {"metadata":{"emulator":{"name":"functions"},"message":"[worker-pool] submitWork(triggerId=)"}}
[debug] [2021-12-08T23:14:17.883Z] [worker-~diagnostic~-db18bab8-4196-4e9d-9396-e88195d2a5a2]: Assigning socketPath: /var/folders/zb/jpt0s1hj46vg9hv9j1fy61fm0000gn/T/fire_emu_96340.sock {"metadata":{"emulator":{"name":"functions"},"message":"[worker-~diagnostic~-db18bab8-4196-4e9d-9396-e88195d2a5a2]: Assigning socketPath: /var/folders/zb/jpt0s1hj46vg9hv9j1fy61fm0000gn/T/fire_emu_96340.sock"}}
[debug] [2021-12-08T23:14:17.883Z] [worker-~diagnostic~-db18bab8-4196-4e9d-9396-e88195d2a5a2]: BUSY {"metadata":{"emulator":{"name":"functions"},"message":"[worker-~diagnostic~-db18bab8-4196-4e9d-9396-e88195d2a5a2]: BUSY"}}
[debug] [2021-12-08T23:14:17.951Z] [runtime-status] [96340] Functions runtime initialized. {"cwd":"/Users/jeremytenjo/Dev/useweb/firebase/functions","node_version":"15.14.0"} {"metadata":{"emulator":{"name":"functions"},"message":"[runtime-status] [96340] Functions runtime initialized. {\"cwd\":\"/Users/jeremytenjo/Dev/useweb/firebase/functions\",\"node_version\":\"15.14.0\"}"}}
[debug] [2021-12-08T23:14:17.952Z] [runtime-status] [96340] Disabled runtime features: undefined {"metadata":{"emulator":{"name":"functions"},"message":"[runtime-status] [96340] Disabled runtime features: undefined"}}
[debug] [2021-12-08T23:14:17.952Z] [runtime-status] [96340] Resolved module firebase-admin {"declared":true,"installed":true,"version":"9.12.0","resolution":"/Users/jeremytenjo/Dev/useweb/firebase/functions/node_modules/firebase-admin/lib/index.js"} {"metadata":{"emulator":{"name":"functions"},"message":"[runtime-status] [96340] Resolved module firebase-admin {\"declared\":true,\"installed\":true,\"version\":\"9.12.0\",\"resolution\":\"/Users/jeremytenjo/Dev/useweb/firebase/functions/node_modules/firebase-admin/lib/index.js\"}"}}
[debug] [2021-12-08T23:14:17.954Z] [runtime-status] [96340] Resolved module firebase-functions {"declared":true,"installed":true,"version":"3.16.0","resolution":"/Users/jeremytenjo/Dev/useweb/firebase/functions/node_modules/firebase-functions/lib/index.js"} {"metadata":{"emulator":{"name":"functions"},"message":"[runtime-status] [96340] Resolved module firebase-functions {\"declared\":true,\"installed\":true,\"version\":\"3.16.0\",\"resolution\":\"/Users/jeremytenjo/Dev/useweb/firebase/functions/node_modules/firebase-functions/lib/index.js\"}"}}
[debug] [2021-12-08T23:14:17.954Z] [runtime-status] [96340] Outgoing network have been stubbed. [{"name":"http","status":"mocked"},{"name":"http","status":"mocked"},{"name":"https","status":"mocked"},{"name":"https","status":"mocked"},{"name":"net","status":"mocked"}] {"metadata":{"emulator":{"name":"functions"},"message":"[runtime-status] [96340] Outgoing network have been stubbed. [{\"name\":\"http\",\"status\":\"mocked\"},{\"name\":\"http\",\"status\":\"mocked\"},{\"name\":\"https\",\"status\":\"mocked\"},{\"name\":\"https\",\"status\":\"mocked\"},{\"name\":\"net\",\"status\":\"mocked\"}]"}}
[debug] [2021-12-08T23:14:17.955Z] [runtime-status] [96340] Resolved module firebase-functions {"declared":true,"installed":true,"version":"3.16.0","resolution":"/Users/jeremytenjo/Dev/useweb/firebase/functions/node_modules/firebase-functions/lib/index.js"} {"metadata":{"emulator":{"name":"functions"},"message":"[runtime-status] [96340] Resolved module firebase-functions {\"declared\":true,\"installed\":true,\"version\":\"3.16.0\",\"resolution\":\"/Users/jeremytenjo/Dev/useweb/firebase/functions/node_modules/firebase-functions/lib/index.js\"}"}}
[debug] [2021-12-08T23:14:17.977Z] [runtime-status] [96340] Checked functions.config() {"config":{}} {"metadata":{"emulator":{"name":"functions"},"message":"[runtime-status] [96340] Checked functions.config() {\"config\":{}}"}}
[debug] [2021-12-08T23:14:17.977Z] [runtime-status] [96340] firebase-functions has been stubbed. {"functionsResolution":{"declared":true,"installed":true,"version":"3.16.0","resolution":"/Users/jeremytenjo/Dev/useweb/firebase/functions/node_modules/firebase-functions/lib/index.js"}} {"metadata":{"emulator":{"name":"functions"},"message":"[runtime-status] [96340] firebase-functions has been stubbed. {\"functionsResolution\":{\"declared\":true,\"installed\":true,\"version\":\"3.16.0\",\"resolution\":\"/Users/jeremytenjo/Dev/useweb/firebase/functions/node_modules/firebase-functions/lib/index.js\"}}"}}
[debug] [2021-12-08T23:14:17.977Z] [runtime-status] [96340] Resolved module firebase-functions {"declared":true,"installed":true,"version":"3.16.0","resolution":"/Users/jeremytenjo/Dev/useweb/firebase/functions/node_modules/firebase-functions/lib/index.js"} {"metadata":{"emulator":{"name":"functions"},"message":"[runtime-status] [96340] Resolved module firebase-functions {\"declared\":true,\"installed\":true,\"version\":\"3.16.0\",\"resolution\":\"/Users/jeremytenjo/Dev/useweb/firebase/functions/node_modules/firebase-functions/lib/index.js\"}"}}
[debug] [2021-12-08T23:14:17.978Z] [runtime-status] [96340] Resolved module firebase-admin {"declared":true,"installed":true,"version":"9.12.0","resolution":"/Users/jeremytenjo/Dev/useweb/firebase/functions/node_modules/firebase-admin/lib/index.js"} {"metadata":{"emulator":{"name":"functions"},"message":"[runtime-status] [96340] Resolved module firebase-admin {\"declared\":true,\"installed\":true,\"version\":\"9.12.0\",\"resolution\":\"/Users/jeremytenjo/Dev/useweb/firebase/functions/node_modules/firebase-admin/lib/index.js\"}"}}
[debug] [2021-12-08T23:14:17.978Z] [runtime-status] [96340] Resolved module firebase-functions {"declared":true,"installed":true,"version":"3.16.0","resolution":"/Users/jeremytenjo/Dev/useweb/firebase/functions/node_modules/firebase-functions/lib/index.js"} {"metadata":{"emulator":{"name":"functions"},"message":"[runtime-status] [96340] Resolved module firebase-functions {\"declared\":true,\"installed\":true,\"version\":\"3.16.0\",\"resolution\":\"/Users/jeremytenjo/Dev/useweb/firebase/functions/node_modules/firebase-functions/lib/index.js\"}"}}
[debug] [2021-12-08T23:14:17.978Z] [runtime-status] [96340] firebase-admin has been stubbed. {"adminResolution":{"declared":true,"installed":true,"version":"9.12.0","resolution":"/Users/jeremytenjo/Dev/useweb/firebase/functions/node_modules/firebase-admin/lib/index.js"}} {"metadata":{"emulator":{"name":"functions"},"message":"[runtime-status] [96340] firebase-admin has been stubbed. {\"adminResolution\":{\"declared\":true,\"installed\":true,\"version\":\"9.12.0\",\"resolution\":\"/Users/jeremytenjo/Dev/useweb/firebase/functions/node_modules/firebase-admin/lib/index.js\"}}"}}
[info] ✔  functions[us-central1-helloWorld]: http function initialized (http://localhost:5002/useweb-lib/us-central1/helloWorld). {"metadata":{"emulator":{"name":"functions"},"message":"\u001b[1mhttp\u001b[22m function initialized (http://localhost:5002/useweb-lib/us-central1/helloWorld)."}}
[info] 
┌─────────────────────────────────────────────────────────────┐
│ ✔  All emulators ready! It is now safe to connect your app. │
│ i  View Emulator UI at http://localhost:4000                │
└─────────────────────────────────────────────────────────────┘

┌───────────┬────────────────┬─────────────────────────────────┐
│ Emulator  │ Host:Port      │ View in Emulator UI             │
├───────────┼────────────────┼─────────────────────────────────┤
│ Functions │ localhost:5002 │ http://localhost:4000/functions │
└───────────┴────────────────┴─────────────────────────────────┘
  Emulator Hub running at localhost:4400
  Other reserved ports: 4500

Issues? Report them at https://github.com/firebase/firebase-tools/issues and attach the *-debug.log files.
 
[debug] [2021-12-08T23:14:17.981Z] [worker-~diagnostic~-db18bab8-4196-4e9d-9396-e88195d2a5a2]: IDLE {"metadata":{"emulator":{"name":"functions"},"message":"[worker-~diagnostic~-db18bab8-4196-4e9d-9396-e88195d2a5a2]: IDLE"}}
[debug] [2021-12-08T23:14:21.270Z] [work-queue] {"queueLength":1,"workRunningCount":0}
[debug] [2021-12-08T23:14:21.271Z] [work-queue] {"queueLength":0,"workRunningCount":1}
[debug] [2021-12-08T23:14:21.271Z] Accepted request OPTIONS /useweb-lib/us-central1/helloWorld --> us-central1-helloWorld
[debug] [2021-12-08T23:14:21.281Z] [worker-pool] addWorker(us-central1-helloWorld) {"metadata":{"emulator":{"name":"functions"},"message":"[worker-pool] addWorker(us-central1-helloWorld)"}}
[debug] [2021-12-08T23:14:21.282Z] [worker-pool] Adding worker with key us-central1-helloWorld, total=1 {"metadata":{"emulator":{"name":"functions"},"message":"[worker-pool] Adding worker with key us-central1-helloWorld, total=1"}}
[debug] [2021-12-08T23:14:21.282Z] [worker-pool] submitWork(triggerId=us-central1-helloWorld) {"metadata":{"emulator":{"name":"functions"},"message":"[worker-pool] submitWork(triggerId=us-central1-helloWorld)"}}
[debug] [2021-12-08T23:14:21.282Z] [worker-us-central1-helloWorld-e0b30f39-0259-4c06-b4ef-31d90e95d132]: Assigning socketPath: /var/folders/zb/jpt0s1hj46vg9hv9j1fy61fm0000gn/T/fire_emu_96343.sock {"metadata":{"emulator":{"name":"functions"},"message":"[worker-us-central1-helloWorld-e0b30f39-0259-4c06-b4ef-31d90e95d132]: Assigning socketPath: /var/folders/zb/jpt0s1hj46vg9hv9j1fy61fm0000gn/T/fire_emu_96343.sock"}}
[debug] [2021-12-08T23:14:21.282Z] [worker-us-central1-helloWorld-e0b30f39-0259-4c06-b4ef-31d90e95d132]: BUSY {"metadata":{"emulator":{"name":"functions"},"message":"[worker-us-central1-helloWorld-e0b30f39-0259-4c06-b4ef-31d90e95d132]: BUSY"}}
[debug] [2021-12-08T23:14:21.388Z] [runtime-status] [96343] Functions runtime initialized. {"cwd":"/Users/jeremytenjo/Dev/useweb/firebase/functions","node_version":"15.14.0"} {"metadata":{"emulator":{"name":"functions"},"function":{"name":"us-central1-helloWorld"},"message":"[runtime-status] [96343] Functions runtime initialized. {\"cwd\":\"/Users/jeremytenjo/Dev/useweb/firebase/functions\",\"node_version\":\"15.14.0\"}"}}
[debug] [2021-12-08T23:14:21.389Z] [runtime-status] [96343] Disabled runtime features: undefined {"metadata":{"emulator":{"name":"functions"},"function":{"name":"us-central1-helloWorld"},"message":"[runtime-status] [96343] Disabled runtime features: undefined"}}
[debug] [2021-12-08T23:14:21.390Z] [runtime-status] [96343] Resolved module firebase-admin {"declared":true,"installed":true,"version":"9.12.0","resolution":"/Users/jeremytenjo/Dev/useweb/firebase/functions/node_modules/firebase-admin/lib/index.js"} {"metadata":{"emulator":{"name":"functions"},"function":{"name":"us-central1-helloWorld"},"message":"[runtime-status] [96343] Resolved module firebase-admin {\"declared\":true,\"installed\":true,\"version\":\"9.12.0\",\"resolution\":\"/Users/jeremytenjo/Dev/useweb/firebase/functions/node_modules/firebase-admin/lib/index.js\"}"}}
[debug] [2021-12-08T23:14:21.391Z] [runtime-status] [96343] Resolved module firebase-functions {"declared":true,"installed":true,"version":"3.16.0","resolution":"/Users/jeremytenjo/Dev/useweb/firebase/functions/node_modules/firebase-functions/lib/index.js"} {"metadata":{"emulator":{"name":"functions"},"function":{"name":"us-central1-helloWorld"},"message":"[runtime-status] [96343] Resolved module firebase-functions {\"declared\":true,\"installed\":true,\"version\":\"3.16.0\",\"resolution\":\"/Users/jeremytenjo/Dev/useweb/firebase/functions/node_modules/firebase-functions/lib/index.js\"}"}}
[debug] [2021-12-08T23:14:21.392Z] [runtime-status] [96343] Outgoing network have been stubbed. [{"name":"http","status":"mocked"},{"name":"http","status":"mocked"},{"name":"https","status":"mocked"},{"name":"https","status":"mocked"},{"name":"net","status":"mocked"}] {"metadata":{"emulator":{"name":"functions"},"function":{"name":"us-central1-helloWorld"},"message":"[runtime-status] [96343] Outgoing network have been stubbed. [{\"name\":\"http\",\"status\":\"mocked\"},{\"name\":\"http\",\"status\":\"mocked\"},{\"name\":\"https\",\"status\":\"mocked\"},{\"name\":\"https\",\"status\":\"mocked\"},{\"name\":\"net\",\"status\":\"mocked\"}]"}}
[debug] [2021-12-08T23:14:21.392Z] [runtime-status] [96343] Resolved module firebase-functions {"declared":true,"installed":true,"version":"3.16.0","resolution":"/Users/jeremytenjo/Dev/useweb/firebase/functions/node_modules/firebase-functions/lib/index.js"} {"metadata":{"emulator":{"name":"functions"},"function":{"name":"us-central1-helloWorld"},"message":"[runtime-status] [96343] Resolved module firebase-functions {\"declared\":true,\"installed\":true,\"version\":\"3.16.0\",\"resolution\":\"/Users/jeremytenjo/Dev/useweb/firebase/functions/node_modules/firebase-functions/lib/index.js\"}"}}
[debug] [2021-12-08T23:14:21.406Z] [runtime-status] [96343] Checked functions.config() {"config":{}} {"metadata":{"emulator":{"name":"functions"},"function":{"name":"us-central1-helloWorld"},"message":"[runtime-status] [96343] Checked functions.config() {\"config\":{}}"}}
[debug] [2021-12-08T23:14:21.407Z] [runtime-status] [96343] firebase-functions has been stubbed. {"functionsResolution":{"declared":true,"installed":true,"version":"3.16.0","resolution":"/Users/jeremytenjo/Dev/useweb/firebase/functions/node_modules/firebase-functions/lib/index.js"}} {"metadata":{"emulator":{"name":"functions"},"function":{"name":"us-central1-helloWorld"},"message":"[runtime-status] [96343] firebase-functions has been stubbed. {\"functionsResolution\":{\"declared\":true,\"installed\":true,\"version\":\"3.16.0\",\"resolution\":\"/Users/jeremytenjo/Dev/useweb/firebase/functions/node_modules/firebase-functions/lib/index.js\"}}"}}
[debug] [2021-12-08T23:14:21.407Z] [runtime-status] [96343] Resolved module firebase-functions {"declared":true,"installed":true,"version":"3.16.0","resolution":"/Users/jeremytenjo/Dev/useweb/firebase/functions/node_modules/firebase-functions/lib/index.js"} {"metadata":{"emulator":{"name":"functions"},"function":{"name":"us-central1-helloWorld"},"message":"[runtime-status] [96343] Resolved module firebase-functions {\"declared\":true,\"installed\":true,\"version\":\"3.16.0\",\"resolution\":\"/Users/jeremytenjo/Dev/useweb/firebase/functions/node_modules/firebase-functions/lib/index.js\"}"}}
[debug] [2021-12-08T23:14:21.407Z] [runtime-status] [96343] Resolved module firebase-admin {"declared":true,"installed":true,"version":"9.12.0","resolution":"/Users/jeremytenjo/Dev/useweb/firebase/functions/node_modules/firebase-admin/lib/index.js"} {"metadata":{"emulator":{"name":"functions"},"function":{"name":"us-central1-helloWorld"},"message":"[runtime-status] [96343] Resolved module firebase-admin {\"declared\":true,\"installed\":true,\"version\":\"9.12.0\",\"resolution\":\"/Users/jeremytenjo/Dev/useweb/firebase/functions/node_modules/firebase-admin/lib/index.js\"}"}}
[debug] [2021-12-08T23:14:21.407Z] [runtime-status] [96343] Resolved module firebase-functions {"declared":true,"installed":true,"version":"3.16.0","resolution":"/Users/jeremytenjo/Dev/useweb/firebase/functions/node_modules/firebase-functions/lib/index.js"} {"metadata":{"emulator":{"name":"functions"},"function":{"name":"us-central1-helloWorld"},"message":"[runtime-status] [96343] Resolved module firebase-functions {\"declared\":true,\"installed\":true,\"version\":\"3.16.0\",\"resolution\":\"/Users/jeremytenjo/Dev/useweb/firebase/functions/node_modules/firebase-functions/lib/index.js\"}"}}
[debug] [2021-12-08T23:14:21.407Z] [runtime-status] [96343] firebase-admin has been stubbed. {"adminResolution":{"declared":true,"installed":true,"version":"9.12.0","resolution":"/Users/jeremytenjo/Dev/useweb/firebase/functions/node_modules/firebase-admin/lib/index.js"}} {"metadata":{"emulator":{"name":"functions"},"function":{"name":"us-central1-helloWorld"},"message":"[runtime-status] [96343] firebase-admin has been stubbed. {\"adminResolution\":{\"declared\":true,\"installed\":true,\"version\":\"9.12.0\",\"resolution\":\"/Users/jeremytenjo/Dev/useweb/firebase/functions/node_modules/firebase-admin/lib/index.js\"}}"}}
[debug] [2021-12-08T23:14:21.408Z] [runtime-status] [96343] Trigger "us-central1-helloWorld" has been found, beginning invocation! {"metadata":{"emulator":{"name":"functions"},"function":{"name":"us-central1-helloWorld"},"message":"[runtime-status] [96343] Trigger \"us-central1-helloWorld\" has been found, beginning invocation!"}}
[info] i  functions: Beginning execution of "us-central1-helloWorld" {"metadata":{"emulator":{"name":"functions"},"function":{"name":"us-central1-helloWorld"},"message":"Beginning execution of \"us-central1-helloWorld\""}}
[debug] [2021-12-08T23:14:21.408Z] [runtime-status] [96343] triggerDefinition {"httpsTrigger":{},"name":"helloWorld","entryPoint":"helloWorld","regions":["us-central1"],"region":"us-central1","id":"us-central1-helloWorld"} {"metadata":{"emulator":{"name":"functions"},"function":{"name":"us-central1-helloWorld"},"message":"[runtime-status] [96343] triggerDefinition {\"httpsTrigger\":{},\"name\":\"helloWorld\",\"entryPoint\":\"helloWorld\",\"regions\":[\"us-central1\"],\"region\":\"us-central1\",\"id\":\"us-central1-helloWorld\"}"}}
[debug] [2021-12-08T23:14:21.408Z] [runtime-status] [96343] Running us-central1-helloWorld in signature http {"metadata":{"emulator":{"name":"functions"},"function":{"name":"us-central1-helloWorld"},"message":"[runtime-status] [96343] Running us-central1-helloWorld in signature http"}}
[debug] [2021-12-08T23:14:21.409Z] [runtime-status] [96343] Attempting to listen to socketPath: /var/folders/zb/jpt0s1hj46vg9hv9j1fy61fm0000gn/T/fire_emu_96343.sock {"metadata":{"emulator":{"name":"functions"},"function":{"name":"us-central1-helloWorld"},"message":"[runtime-status] [96343] Attempting to listen to socketPath: /var/folders/zb/jpt0s1hj46vg9hv9j1fy61fm0000gn/T/fire_emu_96343.sock"}}
[debug] [2021-12-08T23:14:21.410Z] [functions] Runtime ready! Sending request! {"metadata":{"emulator":{"name":"functions"},"message":"[functions] Runtime ready! Sending request!"}}
[debug] [2021-12-08T23:14:21.411Z] [functions] Got req.url=/useweb-lib/us-central1/helloWorld, mapping to path=/ {"metadata":{"emulator":{"name":"functions"},"message":"[functions] Got req.url=/useweb-lib/us-central1/helloWorld, mapping to path=/"}}
[debug] [2021-12-08T23:14:21.413Z] [runtime-status] [96343] Ephemeral server handling OPTIONS request {"metadata":{"emulator":{"name":"functions"},"function":{"name":"us-central1-helloWorld"},"message":"[runtime-status] [96343] Ephemeral server handling OPTIONS request"}}
[info] >  {"structuredData":true,"severity":"INFO","message":"Hello logs!"} {"user":{"structuredData":true,"severity":"INFO","message":"Hello logs!"},"metadata":{"emulator":{"name":"functions"},"function":{"name":"us-central1-helloWorld"},"message":"\u001b[90m> \u001b[39m {\"structuredData\":true,\"severity\":\"INFO\",\"message\":\"Hello logs!\"}"}}
[debug] [2021-12-08T23:14:21.417Z] [runtime-status] [96343] Ephemeral server survived. {"metadata":{"emulator":{"name":"functions"},"function":{"name":"us-central1-helloWorld"},"message":"[runtime-status] [96343] Ephemeral server survived."}}
[info] i  functions: Finished "us-central1-helloWorld" in ~1s {"metadata":{"emulator":{"name":"functions"},"function":{"name":"us-central1-helloWorld"},"message":"Finished \"us-central1-helloWorld\" in ~1s"}}
[debug] [2021-12-08T23:14:21.418Z] [worker-us-central1-helloWorld-e0b30f39-0259-4c06-b4ef-31d90e95d132]: IDLE {"metadata":{"emulator":{"name":"functions"},"message":"[worker-us-central1-helloWorld-e0b30f39-0259-4c06-b4ef-31d90e95d132]: IDLE"}}
[debug] [2021-12-08T23:14:21.418Z] [work-queue] {"queueLength":0,"workRunningCount":0}
